#
# There is insufficient memory for the Java Runtime Environment to continue.
# Native memory allocation (malloc) failed to allocate 1799216 bytes for Chunk::new
# Possible reasons:
#   The system is out of physical RAM or swap space
#   The process is running with CompressedOops enabled, and the Java Heap may be blocking the growth of the native heap
# Possible solutions:
#   Reduce memory load on the system
#   Increase physical memory or swap space
#   Check if swap backing store is full
#   Decrease Java heap size (-Xmx/-Xms)
#   Decrease number of Java threads
#   Decrease Java thread stack sizes (-Xss)
#   Set larger code cache with -XX:ReservedCodeCacheSize=
#   JVM is running with Unscaled Compressed Oops mode in which the Java heap is
#     placed in the first 4GB address space. The Java Heap base address is the
#     maximum limit for the native heap growth. Please use -XX:HeapBaseMinAddress
#     to set the Java Heap base and to place the Java Heap above 4GB virtual address.
# This output file may be truncated or incomplete.
#
#  Out of Memory Error (./src/hotspot/share/memory/arena.cpp:197), pid=5776, tid=9452
#
# JRE version: OpenJDK Runtime Environment AdoptOpenJDK (11.0.10+9) (build 11.0.10+9)
# Java VM: OpenJDK 64-Bit Server VM AdoptOpenJDK (11.0.10+9, mixed mode, tiered, compressed oops, parallel gc, windows-amd64)
# No core dump will be written. Minidumps are not enabled by default on client versions of Windows
#

---------------  S U M M A R Y ------------

Command Line: --add-modules=ALL-SYSTEM --add-opens=java.base/java.util=ALL-UNNAMED --add-opens=java.base/java.lang=ALL-UNNAMED -Declipse.application=org.eclipse.jdt.ls.core.id1 -Dosgi.bundles.defaultStartLevel=4 -Declipse.product=org.eclipse.jdt.ls.core.product -Dfile.encoding=utf8 -DwatchParentProcess=false -XX:+UseParallelGC -XX:GCTimeRatio=4 -XX:AdaptiveSizePolicyWeight=90 -Dsun.zip.disableMemoryMapping=true -Xmx1G -Xms100m -Xverify:none c:\Users\18521\.vscode\extensions\redhat.java-0.77.0\server\plugins\org.eclipse.equinox.launcher_1.6.100.v20201223-0822.jar -configuration c:\Users\18521\AppData\Roaming\Code\User\globalStorage\redhat.java\0.77.0\config_win -data c:\Users\18521\AppData\Roaming\Code\User\workspaceStorage\e64a9c68de7ba624a3e9efdfc12fc7bb\redhat.java\jdt_ws

Host: Intel(R) Core(TM) i3-4030U CPU @ 1.90GHz, 4 cores, 3G,  Windows 10 , 64 bit Build 19041 (10.0.19041.928)
Time: Mon Apr 26 15:46:05 2021 SE Asia Standard Time elapsed time: 13.082511 seconds (0d 0h 0m 13s)

---------------  T H R E A D  ---------------

Current thread (0x0000021db1b52800):  JavaThread "C2 CompilerThread0" daemon [_thread_in_native, id=9452, stack(0x0000005203900000,0x0000005203a00000)]


Current CompileTask:
C2:  13082 3586   !   4       org.eclipse.osgi.internal.loader.classpath.ClasspathManager::findClassImpl (308 bytes)

Stack: [0x0000005203900000,0x0000005203a00000]
Native frames: (J=compiled Java code, j=interpreted, Vv=VM code, C=native code)
V  [jvm.dll+0x5f35ea]
V  [jvm.dll+0x77c65e]
V  [jvm.dll+0x77dd2f]
V  [jvm.dll+0x77e3f3]
V  [jvm.dll+0x246c38]
V  [jvm.dll+0xbe6cc]
V  [jvm.dll+0xbedcc]
V  [jvm.dll+0x34bf92]
V  [jvm.dll+0x319e33]
V  [jvm.dll+0x31916a]
V  [jvm.dll+0x200525]
V  [jvm.dll+0x1ff70f]
V  [jvm.dll+0x1846bc]
V  [jvm.dll+0x20ec37]
V  [jvm.dll+0x20ce1b]
V  [jvm.dll+0x740b39]
V  [jvm.dll+0x739ba4]
V  [jvm.dll+0x5f2466]
C  [ucrtbase.dll+0x21bb2]
C  [KERNEL32.DLL+0x17034]
C  [ntdll.dll+0x52651]


---------------  P R O C E S S  ---------------

Threads class SMR info:
_java_thread_list=0x0000021db484dad0, length=23, elements={
0x0000021d95b3b800, 0x0000021db1b30000, 0x0000021db1b30800, 0x0000021db2cd2800,
0x0000021db2cd3800, 0x0000021db1b4f000, 0x0000021db1b52800, 0x0000021db1b55800,
0x0000021db2ce5000, 0x0000021db2deb000, 0x0000021db336f000, 0x0000021db33ef000,
0x0000021db3662000, 0x0000021db3659800, 0x0000021db3490800, 0x0000021db3dcb800,
0x0000021db3d72800, 0x0000021db3788000, 0x0000021db3759800, 0x0000021db3754800,
0x0000021db3756000, 0x0000021db3757000, 0x0000021db3753800
}

Java Threads: ( => current thread )
  0x0000021d95b3b800 JavaThread "main" [_thread_blocked, id=9792, stack(0x0000005203100000,0x0000005203200000)]
  0x0000021db1b30000 JavaThread "Reference Handler" daemon [_thread_blocked, id=7076, stack(0x0000005203400000,0x0000005203500000)]
  0x0000021db1b30800 JavaThread "Finalizer" daemon [_thread_blocked, id=8016, stack(0x0000005203500000,0x0000005203600000)]
  0x0000021db2cd2800 JavaThread "Signal Dispatcher" daemon [_thread_blocked, id=1332, stack(0x0000005203600000,0x0000005203700000)]
  0x0000021db2cd3800 JavaThread "Attach Listener" daemon [_thread_blocked, id=1836, stack(0x0000005203700000,0x0000005203800000)]
  0x0000021db1b4f000 JavaThread "Service Thread" daemon [_thread_blocked, id=696, stack(0x0000005203800000,0x0000005203900000)]
=>0x0000021db1b52800 JavaThread "C2 CompilerThread0" daemon [_thread_in_native, id=9452, stack(0x0000005203900000,0x0000005203a00000)]
  0x0000021db1b55800 JavaThread "C1 CompilerThread0" daemon [_thread_in_native, id=10460, stack(0x0000005203a00000,0x0000005203b00000)]
  0x0000021db2ce5000 JavaThread "Sweeper thread" daemon [_thread_blocked, id=12012, stack(0x0000005203b00000,0x0000005203c00000)]
  0x0000021db2deb000 JavaThread "Common-Cleaner" daemon [_thread_blocked, id=15840, stack(0x0000005203c00000,0x0000005203d00000)]
  0x0000021db336f000 JavaThread "Active Thread: Equinox Container: 3d5d1f9a-027e-4090-96e4-d27368913c56" [_thread_blocked, id=7996, stack(0x0000005203e00000,0x0000005203f00000)]
  0x0000021db33ef000 JavaThread "Framework Event Dispatcher: Equinox Container: 3d5d1f9a-027e-4090-96e4-d27368913c56" daemon [_thread_blocked, id=13732, stack(0x0000005203f00000,0x0000005204000000)]
  0x0000021db3662000 JavaThread "Start Level: Equinox Container: 3d5d1f9a-027e-4090-96e4-d27368913c56" daemon [_thread_blocked, id=2228, stack(0x0000005204000000,0x0000005204100000)]
  0x0000021db3659800 JavaThread "SCR Component Actor" daemon [_thread_blocked, id=7348, stack(0x0000005204400000,0x0000005204500000)]
  0x0000021db3490800 JavaThread "Worker-JM" [_thread_blocked, id=4016, stack(0x0000005204600000,0x0000005204700000)]
  0x0000021db3dcb800 JavaThread "Worker-0" [_thread_blocked, id=6276, stack(0x0000005204700000,0x0000005204800000)]
  0x0000021db3d72800 JavaThread "Worker-1" [_thread_blocked, id=3824, stack(0x0000005204800000,0x0000005204900000)]
  0x0000021db3788000 JavaThread "Worker-2: Updating Maven Dependencies" [_thread_blocked, id=15332, stack(0x0000005204900000,0x0000005204a00000)]
  0x0000021db3759800 JavaThread "Java indexing" daemon [_thread_blocked, id=5480, stack(0x0000005204a00000,0x0000005204b00000)]
  0x0000021db3754800 JavaThread "logback configurator timer" daemon [_thread_blocked, id=8324, stack(0x0000005204b00000,0x0000005204c00000)]
  0x0000021db3756000 JavaThread "Worker-3: Repository registry initialization" [_thread_in_vm, id=11112, stack(0x0000005204c00000,0x0000005204d00000)]
  0x0000021db3757000 JavaThread "Worker-4" [_thread_blocked, id=10092, stack(0x0000005204d00000,0x0000005204e00000)]
  0x0000021db3753800 JavaThread "pool-2-thread-1" [_thread_in_vm, id=9552, stack(0x0000005204500000,0x0000005204600000)]

Other Threads:
  0x0000021db1a67800 VMThread "VM Thread" [stack: 0x0000005203300000,0x0000005203400000] [id=9924]
  0x0000021db2e76000 WatcherThread [stack: 0x0000005203d00000,0x0000005203e00000] [id=12616]
  0x0000021d95b53800 GCTaskThread "ParGC Thread#0" [stack: 0x0000005203200000,0x0000005203300000] [id=11796]
  0x0000021db33e8800 GCTaskThread "ParGC Thread#1" [stack: 0x0000005204100000,0x0000005204200000] [id=14692]
  0x0000021db33e9000 GCTaskThread "ParGC Thread#2" [stack: 0x0000005204200000,0x0000005204300000] [id=10168]
  0x0000021db33e9800 GCTaskThread "ParGC Thread#3" [stack: 0x0000005204300000,0x0000005204400000] [id=12536]

Threads with active compile tasks:
C2 CompilerThread0  13152 3586   !   4       org.eclipse.osgi.internal.loader.classpath.ClasspathManager::findClassImpl (308 bytes)

VM state:not at safepoint (normal execution)

VM Mutex/Monitor currently owned by a thread: None

Heap address: 0x00000000c0000000, size: 1024 MB, Compressed Oops mode: 32-bit
Narrow klass base: 0x0000000000000000, Narrow klass shift: 3
Compressed class space size: 1073741824 Address: 0x0000000100000000

Heap:
 PSYoungGen      total 27648K, used 26685K [0x00000000eab00000, 0x00000000ece80000, 0x0000000100000000)
  eden space 23552K, 96% used [0x00000000eab00000,0x00000000ec12ad70,0x00000000ec200000)
  from space 4096K, 99% used [0x00000000ec800000,0x00000000ecbfa670,0x00000000ecc00000)
  to   space 6144K, 0% used [0x00000000ec200000,0x00000000ec200000,0x00000000ec800000)
 ParOldGen       total 68608K, used 14350K [0x00000000c0000000, 0x00000000c4300000, 0x00000000eab00000)
  object space 68608K, 20% used [0x00000000c0000000,0x00000000c0e03988,0x00000000c4300000)
 Metaspace       used 39308K, capacity 41295K, committed 41472K, reserved 1085440K
  class space    used 4068K, capacity 4805K, committed 4864K, reserved 1048576K

Card table byte_map: [0x0000021daec30000,0x0000021daee40000] _byte_map_base: 0x0000021dae630000

Marking Bits: (ParMarkBitMap*) 0x00007ffd330e70c0
 Begin Bits: [0x0000021daefa0000, 0x0000021daffa0000)
 End Bits:   [0x0000021daffa0000, 0x0000021db0fa0000)

Polling page: 0x0000021d95c20000

Metaspace:

Usage:
  Non-class:     35.63 MB capacity,    34.42 MB ( 97%) used,     1.15 MB (  3%) free+waste,    73.75 KB ( <1%) overhead. 
      Class:      4.69 MB capacity,     3.97 MB ( 85%) used,   701.27 KB ( 15%) free+waste,    35.38 KB ( <1%) overhead. 
       Both:     40.33 MB capacity,    38.39 MB ( 95%) used,     1.83 MB (  5%) free+waste,   109.13 KB ( <1%) overhead. 

Virtual space:
  Non-class space:       36.00 MB reserved,      35.75 MB (>99%) committed 
      Class space:        1.00 GB reserved,       4.75 MB ( <1%) committed 
             Both:        1.04 GB reserved,      40.50 MB (  4%) committed 

Chunk freelists:
   Non-Class:  54.00 KB
       Class:  27.00 KB
        Both:  81.00 KB

MaxMetaspaceSize: 17179869184.00 GB
CompressedClassSpaceSize: 1.00 GB

CodeHeap 'non-profiled nmethods': size=120064Kb used=1450Kb max_used=1450Kb free=118613Kb
 bounds [0x0000021da7510000, 0x0000021da7780000, 0x0000021daea50000]
CodeHeap 'profiled nmethods': size=120000Kb used=7653Kb max_used=7653Kb free=112346Kb
 bounds [0x0000021d9ffe0000, 0x0000021da0760000, 0x0000021da7510000]
CodeHeap 'non-nmethods': size=5696Kb used=1182Kb max_used=1228Kb free=4513Kb
 bounds [0x0000021d9fa50000, 0x0000021d9fcc0000, 0x0000021d9ffe0000]
 total_blobs=4180 nmethods=3643 adapters=449
 compilation: enabled
              stopped_count=0, restarted_count=0
 full_count=0

Compilation events (20 events):
Event: 12.996 Thread 0x0000021db1b55800 3646       3       java.util.HashMap$Values::iterator (12 bytes)
Event: 12.996 Thread 0x0000021db1b55800 nmethod 3646 0x0000021da0745190 code [0x0000021da0745360, 0x0000021da0745588]
Event: 12.997 Thread 0x0000021db1b55800 3650       3       com.google.common.cache.LocalCache::get (21 bytes)
Event: 12.998 Thread 0x0000021db1b55800 nmethod 3650 0x0000021da0745690 code [0x0000021da07458a0, 0x0000021da0745d98]
Event: 12.998 Thread 0x0000021db1b55800 3651       3       com.google.common.cache.LocalCache::hash (14 bytes)
Event: 12.999 Thread 0x0000021db1b55800 nmethod 3651 0x0000021da0746010 code [0x0000021da07461e0, 0x0000021da0746478]
Event: 12.999 Thread 0x0000021db1b55800 3652       3       com.google.common.base.Equivalence::hash (12 bytes)
Event: 12.999 Thread 0x0000021db1b55800 nmethod 3652 0x0000021da0746590 code [0x0000021da0746740, 0x0000021da0746948]
Event: 12.999 Thread 0x0000021db1b55800 3653       3       com.google.inject.spi.InjectionPoint::forInstanceMethodsAndFields (8 bytes)
Event: 13.000 Thread 0x0000021db1b55800 nmethod 3653 0x0000021da0746a10 code [0x0000021da0746be0, 0x0000021da0746dd8]
Event: 13.009 Thread 0x0000021db1b55800 3655   !   3       com.google.inject.internal.BindingBuilder::toProvider (69 bytes)
Event: 13.012 Thread 0x0000021db1b55800 nmethod 3655 0x0000021da0746f10 code [0x0000021da0747220, 0x0000021da07484a8]
Event: 13.019 Thread 0x0000021db1b55800 3656       3       com.google.inject.spi.InjectionPoint$InjectableField::toInjectionPoint (20 bytes)
Event: 13.020 Thread 0x0000021db1b55800 nmethod 3656 0x0000021da0748b90 code [0x0000021da0748d40, 0x0000021da0748ee8]
Event: 13.021 Thread 0x0000021db1b55800 3657       3       java.lang.reflect.Field::getDeclaredAnnotations (8 bytes)
Event: 13.021 Thread 0x0000021db1b55800 nmethod 3657 0x0000021da0748f90 code [0x0000021da0749180, 0x0000021da0749588]
Event: 13.021 Thread 0x0000021db1b55800 3658       3       com.google.inject.TypeLiteral::getFieldType (30 bytes)
Event: 13.024 Thread 0x0000021db1b55800 nmethod 3658 0x0000021da0749710 code [0x0000021da0749aa0, 0x0000021da074b348]
Event: 13.069 Thread 0x0000021db1b55800 3659       3       com.google.common.collect.ImmutableList::of (12 bytes)
Event: 13.070 Thread 0x0000021db1b55800 nmethod 3659 0x0000021da074bc90 code [0x0000021da074bec0, 0x0000021da074c6a8]

GC Heap History (20 events):
Event: 3.401 GC heap before
{Heap before GC invocations=1 (full 0):
 PSYoungGen      total 29696K, used 25600K [0x00000000eab00000, 0x00000000ecc00000, 0x0000000100000000)
  eden space 25600K, 100% used [0x00000000eab00000,0x00000000ec400000,0x00000000ec400000)
  from space 4096K, 0% used [0x00000000ec800000,0x00000000ec800000,0x00000000ecc00000)
  to   space 4096K, 0% used [0x00000000ec400000,0x00000000ec400000,0x00000000ec800000)
 ParOldGen       total 68608K, used 0K [0x00000000c0000000, 0x00000000c4300000, 0x00000000eab00000)
  object space 68608K, 0% used [0x00000000c0000000,0x00000000c0000000,0x00000000c4300000)
 Metaspace       used 13074K, capacity 13373K, committed 13696K, reserved 1060864K
  class space    used 1205K, capacity 1286K, committed 1408K, reserved 1048576K
}
Event: 3.433 GC heap after
{Heap after GC invocations=1 (full 0):
 PSYoungGen      total 29696K, used 4093K [0x00000000eab00000, 0x00000000ecc00000, 0x0000000100000000)
  eden space 25600K, 0% used [0x00000000eab00000,0x00000000eab00000,0x00000000ec400000)
  from space 4096K, 99% used [0x00000000ec400000,0x00000000ec7ff658,0x00000000ec800000)
  to   space 4096K, 0% used [0x00000000ec800000,0x00000000ec800000,0x00000000ecc00000)
 ParOldGen       total 68608K, used 406K [0x00000000c0000000, 0x00000000c4300000, 0x00000000eab00000)
  object space 68608K, 0% used [0x00000000c0000000,0x00000000c0065810,0x00000000c4300000)
 Metaspace       used 13074K, capacity 13373K, committed 13696K, reserved 1060864K
  class space    used 1205K, capacity 1286K, committed 1408K, reserved 1048576K
}
Event: 5.320 GC heap before
{Heap before GC invocations=2 (full 0):
 PSYoungGen      total 29696K, used 20048K [0x00000000eab00000, 0x00000000ecc00000, 0x0000000100000000)
  eden space 25600K, 62% used [0x00000000eab00000,0x00000000eba94d38,0x00000000ec400000)
  from space 4096K, 99% used [0x00000000ec400000,0x00000000ec7ff658,0x00000000ec800000)
  to   space 4096K, 0% used [0x00000000ec800000,0x00000000ec800000,0x00000000ecc00000)
 ParOldGen       total 68608K, used 406K [0x00000000c0000000, 0x00000000c4300000, 0x00000000eab00000)
  object space 68608K, 0% used [0x00000000c0000000,0x00000000c0065810,0x00000000c4300000)
 Metaspace       used 20235K, capacity 21182K, committed 21248K, reserved 1069056K
  class space    used 1923K, capacity 2296K, committed 2304K, reserved 1048576K
}
Event: 5.334 GC heap after
{Heap after GC invocations=2 (full 0):
 PSYoungGen      total 29696K, used 4070K [0x00000000eab00000, 0x00000000ecc00000, 0x0000000100000000)
  eden space 25600K, 0% used [0x00000000eab00000,0x00000000eab00000,0x00000000ec400000)
  from space 4096K, 99% used [0x00000000ec800000,0x00000000ecbf9960,0x00000000ecc00000)
  to   space 4096K, 0% used [0x00000000ec400000,0x00000000ec400000,0x00000000ec800000)
 ParOldGen       total 68608K, used 2618K [0x00000000c0000000, 0x00000000c4300000, 0x00000000eab00000)
  object space 68608K, 3% used [0x00000000c0000000,0x00000000c028e8c8,0x00000000c4300000)
 Metaspace       used 20235K, capacity 21182K, committed 21248K, reserved 1069056K
  class space    used 1923K, capacity 2296K, committed 2304K, reserved 1048576K
}
Event: 5.334 GC heap before
{Heap before GC invocations=3 (full 1):
 PSYoungGen      total 29696K, used 4070K [0x00000000eab00000, 0x00000000ecc00000, 0x0000000100000000)
  eden space 25600K, 0% used [0x00000000eab00000,0x00000000eab00000,0x00000000ec400000)
  from space 4096K, 99% used [0x00000000ec800000,0x00000000ecbf9960,0x00000000ecc00000)
  to   space 4096K, 0% used [0x00000000ec400000,0x00000000ec400000,0x00000000ec800000)
 ParOldGen       total 68608K, used 2618K [0x00000000c0000000, 0x00000000c4300000, 0x00000000eab00000)
  object space 68608K, 3% used [0x00000000c0000000,0x00000000c028e8c8,0x00000000c4300000)
 Metaspace       used 20235K, capacity 21182K, committed 21248K, reserved 1069056K
  class space    used 1923K, capacity 2296K, committed 2304K, reserved 1048576K
}
Event: 5.426 GC heap after
{Heap after GC invocations=3 (full 1):
 PSYoungGen      total 29696K, used 0K [0x00000000eab00000, 0x00000000ecc00000, 0x0000000100000000)
  eden space 25600K, 0% used [0x00000000eab00000,0x00000000eab00000,0x00000000ec400000)
  from space 4096K, 0% used [0x00000000ec800000,0x00000000ec800000,0x00000000ecc00000)
  to   space 4096K, 0% used [0x00000000ec400000,0x00000000ec400000,0x00000000ec800000)
 ParOldGen       total 68608K, used 6629K [0x00000000c0000000, 0x00000000c4300000, 0x00000000eab00000)
  object space 68608K, 9% used [0x00000000c0000000,0x00000000c0679548,0x00000000c4300000)
 Metaspace       used 20235K, capacity 21182K, committed 21248K, reserved 1069056K
  class space    used 1923K, capacity 2296K, committed 2304K, reserved 1048576K
}
Event: 7.159 GC heap before
{Heap before GC invocations=4 (full 1):
 PSYoungGen      total 29696K, used 25600K [0x00000000eab00000, 0x00000000ecc00000, 0x0000000100000000)
  eden space 25600K, 100% used [0x00000000eab00000,0x00000000ec400000,0x00000000ec400000)
  from space 4096K, 0% used [0x00000000ec800000,0x00000000ec800000,0x00000000ecc00000)
  to   space 4096K, 0% used [0x00000000ec400000,0x00000000ec400000,0x00000000ec800000)
 ParOldGen       total 68608K, used 6629K [0x00000000c0000000, 0x00000000c4300000, 0x00000000eab00000)
  object space 68608K, 9% used [0x00000000c0000000,0x00000000c0679548,0x00000000c4300000)
 Metaspace       used 25849K, capacity 27287K, committed 27520K, reserved 1073152K
  class space    used 2402K, capacity 2914K, committed 2944K, reserved 1048576K
}
Event: 7.186 GC heap after
{Heap after GC invocations=4 (full 1):
 PSYoungGen      total 29696K, used 3030K [0x00000000eab00000, 0x00000000ecc00000, 0x0000000100000000)
  eden space 25600K, 0% used [0x00000000eab00000,0x00000000eab00000,0x00000000ec400000)
  from space 4096K, 73% used [0x00000000ec400000,0x00000000ec6f5818,0x00000000ec800000)
  to   space 4096K, 0% used [0x00000000ec800000,0x00000000ec800000,0x00000000ecc00000)
 ParOldGen       total 68608K, used 6645K [0x00000000c0000000, 0x00000000c4300000, 0x00000000eab00000)
  object space 68608K, 9% used [0x00000000c0000000,0x00000000c067d560,0x00000000c4300000)
 Metaspace       used 25849K, capacity 27287K, committed 27520K, reserved 1073152K
  class space    used 2402K, capacity 2914K, committed 2944K, reserved 1048576K
}
Event: 9.868 GC heap before
{Heap before GC invocations=5 (full 1):
 PSYoungGen      total 29696K, used 28630K [0x00000000eab00000, 0x00000000ecc00000, 0x0000000100000000)
  eden space 25600K, 100% used [0x00000000eab00000,0x00000000ec400000,0x00000000ec400000)
  from space 4096K, 73% used [0x00000000ec400000,0x00000000ec6f5818,0x00000000ec800000)
  to   space 4096K, 0% used [0x00000000ec800000,0x00000000ec800000,0x00000000ecc00000)
 ParOldGen       total 68608K, used 6645K [0x00000000c0000000, 0x00000000c4300000, 0x00000000eab00000)
  object space 68608K, 9% used [0x00000000c0000000,0x00000000c067d560,0x00000000c4300000)
 Metaspace       used 31933K, capacity 33964K, committed 34176K, reserved 1079296K
  class space    used 3144K, capacity 3860K, committed 3968K, reserved 1048576K
}
Event: 9.887 GC heap after
{Heap after GC invocations=5 (full 1):
 PSYoungGen      total 29696K, used 4094K [0x00000000eab00000, 0x00000000ecc00000, 0x0000000100000000)
  eden space 25600K, 0% used [0x00000000eab00000,0x00000000eab00000,0x00000000ec400000)
  from space 4096K, 99% used [0x00000000ec800000,0x00000000ecbffb88,0x00000000ecc00000)
  to   space 4096K, 0% used [0x00000000ec400000,0x00000000ec400000,0x00000000ec800000)
 ParOldGen       total 68608K, used 8022K [0x00000000c0000000, 0x00000000c4300000, 0x00000000eab00000)
  object space 68608K, 11% used [0x00000000c0000000,0x00000000c07d5948,0x00000000c4300000)
 Metaspace       used 31933K, capacity 33964K, committed 34176K, reserved 1079296K
  class space    used 3144K, capacity 3860K, committed 3968K, reserved 1048576K
}
Event: 10.139 GC heap before
{Heap before GC invocations=6 (full 1):
 PSYoungGen      total 29696K, used 11276K [0x00000000eab00000, 0x00000000ecc00000, 0x0000000100000000)
  eden space 25600K, 28% used [0x00000000eab00000,0x00000000eb203718,0x00000000ec400000)
  from space 4096K, 99% used [0x00000000ec800000,0x00000000ecbffb88,0x00000000ecc00000)
  to   space 4096K, 0% used [0x00000000ec400000,0x00000000ec400000,0x00000000ec800000)
 ParOldGen       total 68608K, used 8022K [0x00000000c0000000, 0x00000000c4300000, 0x00000000eab00000)
  object space 68608K, 11% used [0x00000000c0000000,0x00000000c07d5948,0x00000000c4300000)
 Metaspace       used 33298K, capacity 35214K, committed 35328K, reserved 1081344K
  class space    used 3302K, capacity 4001K, committed 4096K, reserved 1048576K
}
Event: 10.170 GC heap after
{Heap after GC invocations=6 (full 1):
 PSYoungGen      total 29696K, used 4073K [0x00000000eab00000, 0x00000000ece00000, 0x0000000100000000)
  eden space 25600K, 0% used [0x00000000eab00000,0x00000000eab00000,0x00000000ec400000)
  from space 4096K, 99% used [0x00000000ec400000,0x00000000ec7fa628,0x00000000ec800000)
  to   space 5120K, 0% used [0x00000000ec900000,0x00000000ec900000,0x00000000ece00000)
 ParOldGen       total 68608K, used 8453K [0x00000000c0000000, 0x00000000c4300000, 0x00000000eab00000)
  object space 68608K, 12% used [0x00000000c0000000,0x00000000c08414a0,0x00000000c4300000)
 Metaspace       used 33298K, capacity 35214K, committed 35328K, reserved 1081344K
  class space    used 3302K, capacity 4001K, committed 4096K, reserved 1048576K
}
Event: 10.170 GC heap before
{Heap before GC invocations=7 (full 2):
 PSYoungGen      total 29696K, used 4073K [0x00000000eab00000, 0x00000000ece00000, 0x0000000100000000)
  eden space 25600K, 0% used [0x00000000eab00000,0x00000000eab00000,0x00000000ec400000)
  from space 4096K, 99% used [0x00000000ec400000,0x00000000ec7fa628,0x00000000ec800000)
  to   space 5120K, 0% used [0x00000000ec900000,0x00000000ec900000,0x00000000ece00000)
 ParOldGen       total 68608K, used 8453K [0x00000000c0000000, 0x00000000c4300000, 0x00000000eab00000)
  object space 68608K, 12% used [0x00000000c0000000,0x00000000c08414a0,0x00000000c4300000)
 Metaspace       used 33298K, capacity 35214K, committed 35328K, reserved 1081344K
  class space    used 3302K, capacity 4001K, committed 4096K, reserved 1048576K
}
Event: 10.414 GC heap after
{Heap after GC invocations=7 (full 2):
 PSYoungGen      total 29696K, used 0K [0x00000000eab00000, 0x00000000ece00000, 0x0000000100000000)
  eden space 25600K, 0% used [0x00000000eab00000,0x00000000eab00000,0x00000000ec400000)
  from space 4096K, 0% used [0x00000000ec400000,0x00000000ec400000,0x00000000ec800000)
  to   space 5120K, 0% used [0x00000000ec900000,0x00000000ec900000,0x00000000ece00000)
 ParOldGen       total 68608K, used 12359K [0x00000000c0000000, 0x00000000c4300000, 0x00000000eab00000)
  object space 68608K, 18% used [0x00000000c0000000,0x00000000c0c11f58,0x00000000c4300000)
 Metaspace       used 33298K, capacity 35214K, committed 35328K, reserved 1081344K
  class space    used 3302K, capacity 4001K, committed 4096K, reserved 1048576K
}
Event: 11.262 GC heap before
{Heap before GC invocations=8 (full 2):
 PSYoungGen      total 29696K, used 25600K [0x00000000eab00000, 0x00000000ece00000, 0x0000000100000000)
  eden space 25600K, 100% used [0x00000000eab00000,0x00000000ec400000,0x00000000ec400000)
  from space 4096K, 0% used [0x00000000ec400000,0x00000000ec400000,0x00000000ec800000)
  to   space 5120K, 0% used [0x00000000ec900000,0x00000000ec900000,0x00000000ece00000)
 ParOldGen       total 68608K, used 12359K [0x00000000c0000000, 0x00000000c4300000, 0x00000000eab00000)
  object space 68608K, 18% used [0x00000000c0000000,0x00000000c0c11f58,0x00000000c4300000)
 Metaspace       used 34687K, capacity 36616K, committed 36736K, reserved 1081344K
  class space    used 3466K, capacity 4146K, committed 4224K, reserved 1048576K
}
Event: 11.291 GC heap after
{Heap after GC invocations=8 (full 2):
 PSYoungGen      total 27648K, used 2268K [0x00000000eab00000, 0x00000000ecb80000, 0x0000000100000000)
  eden space 25088K, 0% used [0x00000000eab00000,0x00000000eab00000,0x00000000ec380000)
  from space 2560K, 88% used [0x00000000ec900000,0x00000000ecb37270,0x00000000ecb80000)
  to   space 3584K, 0% used [0x00000000ec480000,0x00000000ec480000,0x00000000ec800000)
 ParOldGen       total 68608K, used 12367K [0x00000000c0000000, 0x00000000c4300000, 0x00000000eab00000)
  object space 68608K, 18% used [0x00000000c0000000,0x00000000c0c13f58,0x00000000c4300000)
 Metaspace       used 34687K, capacity 36616K, committed 36736K, reserved 1081344K
  class space    used 3466K, capacity 4146K, committed 4224K, reserved 1048576K
}
Event: 11.804 GC heap before
{Heap before GC invocations=9 (full 2):
 PSYoungGen      total 27648K, used 27356K [0x00000000eab00000, 0x00000000ecb80000, 0x0000000100000000)
  eden space 25088K, 100% used [0x00000000eab00000,0x00000000ec380000,0x00000000ec380000)
  from space 2560K, 88% used [0x00000000ec900000,0x00000000ecb37270,0x00000000ecb80000)
  to   space 3584K, 0% used [0x00000000ec480000,0x00000000ec480000,0x00000000ec800000)
 ParOldGen       total 68608K, used 12367K [0x00000000c0000000, 0x00000000c4300000, 0x00000000eab00000)
  object space 68608K, 18% used [0x00000000c0000000,0x00000000c0c13f58,0x00000000c4300000)
 Metaspace       used 34928K, capacity 36776K, committed 36992K, reserved 1081344K
  class space    used 3505K, capacity 4178K, committed 4224K, reserved 1048576K
}
Event: 11.963 GC heap after
{Heap after GC invocations=9 (full 2):
 PSYoungGen      total 28160K, used 3574K [0x00000000eab00000, 0x00000000ecc00000, 0x0000000100000000)
  eden space 24576K, 0% used [0x00000000eab00000,0x00000000eab00000,0x00000000ec300000)
  from space 3584K, 99% used [0x00000000ec480000,0x00000000ec7fdb58,0x00000000ec800000)
  to   space 4096K, 0% used [0x00000000ec800000,0x00000000ec800000,0x00000000ecc00000)
 ParOldGen       total 68608K, used 12771K [0x00000000c0000000, 0x00000000c4300000, 0x00000000eab00000)
  object space 68608K, 18% used [0x00000000c0000000,0x00000000c0c78f98,0x00000000c4300000)
 Metaspace       used 34928K, capacity 36776K, committed 36992K, reserved 1081344K
  class space    used 3505K, capacity 4178K, committed 4224K, reserved 1048576K
}
Event: 12.251 GC heap before
{Heap before GC invocations=10 (full 2):
 PSYoungGen      total 28160K, used 28150K [0x00000000eab00000, 0x00000000ecc00000, 0x0000000100000000)
  eden space 24576K, 100% used [0x00000000eab00000,0x00000000ec300000,0x00000000ec300000)
  from space 3584K, 99% used [0x00000000ec480000,0x00000000ec7fdb58,0x00000000ec800000)
  to   space 4096K, 0% used [0x00000000ec800000,0x00000000ec800000,0x00000000ecc00000)
 ParOldGen       total 68608K, used 12771K [0x00000000c0000000, 0x00000000c4300000, 0x00000000eab00000)
  object space 68608K, 18% used [0x00000000c0000000,0x00000000c0c78f98,0x00000000c4300000)
 Metaspace       used 35727K, capacity 37722K, committed 37888K, reserved 1083392K
  class space    used 3600K, capacity 4279K, committed 4352K, reserved 1048576K
}
Event: 12.266 GC heap after
{Heap after GC invocations=10 (full 2):
 PSYoungGen      total 27648K, used 4073K [0x00000000eab00000, 0x00000000ece80000, 0x0000000100000000)
  eden space 23552K, 0% used [0x00000000eab00000,0x00000000eab00000,0x00000000ec200000)
  from space 4096K, 99% used [0x00000000ec800000,0x00000000ecbfa670,0x00000000ecc00000)
  to   space 6144K, 0% used [0x00000000ec200000,0x00000000ec200000,0x00000000ec800000)
 ParOldGen       total 68608K, used 14350K [0x00000000c0000000, 0x00000000c4300000, 0x00000000eab00000)
  object space 68608K, 20% used [0x00000000c0000000,0x00000000c0e03988,0x00000000c4300000)
 Metaspace       used 35727K, capacity 37722K, committed 37888K, reserved 1083392K
  class space    used 3600K, capacity 4279K, committed 4352K, reserved 1048576K
}

Deoptimization events (20 events):
Event: 12.412 Thread 0x0000021db3756000 Uncommon trap: trap_request=0xffffff4d fr.pc=0x0000021da7604a98 relative=0x0000000000000258
Event: 12.412 Thread 0x0000021db3756000 Uncommon trap: reason=unstable_if action=reinterpret pc=0x0000021da7604a98 method=java.util.HashMap.getNode(ILjava/lang/Object;)Ljava/util/HashMap$Node; @ 129 c2
Event: 12.412 Thread 0x0000021db3756000 DEOPT PACKING pc=0x0000021da7604a98 sp=0x0000005204cfe810
Event: 12.412 Thread 0x0000021db3756000 DEOPT UNPACKING pc=0x0000021d9fa770af sp=0x0000005204cfe728 mode 2
Event: 12.688 Thread 0x0000021db3756000 Uncommon trap: trap_request=0xffffff6e fr.pc=0x0000021da7673a44 relative=0x0000000000000604
Event: 12.689 Thread 0x0000021db3756000 Uncommon trap: reason=speculate_class_check action=maybe_recompile pc=0x0000021da7673a44 method=java.lang.reflect.Executable.declaredAnnotations()Ljava/util/Map; @ 23 c2
Event: 12.689 Thread 0x0000021db3756000 DEOPT PACKING pc=0x0000021da7673a44 sp=0x0000005204cfe500
Event: 12.689 Thread 0x0000021db3756000 DEOPT UNPACKING pc=0x0000021d9fa770af sp=0x0000005204cfe438 mode 2
Event: 12.697 Thread 0x0000021db3756000 Uncommon trap: trap_request=0xffffff6e fr.pc=0x0000021da7673a44 relative=0x0000000000000604
Event: 12.697 Thread 0x0000021db3756000 Uncommon trap: reason=speculate_class_check action=maybe_recompile pc=0x0000021da7673a44 method=java.lang.reflect.Executable.declaredAnnotations()Ljava/util/Map; @ 23 c2
Event: 12.697 Thread 0x0000021db3756000 DEOPT PACKING pc=0x0000021da7673a44 sp=0x0000005204cfe500
Event: 12.697 Thread 0x0000021db3756000 DEOPT UNPACKING pc=0x0000021d9fa770af sp=0x0000005204cfe438 mode 2
Event: 12.699 Thread 0x0000021db3756000 Uncommon trap: trap_request=0xffffff6e fr.pc=0x0000021da7673a44 relative=0x0000000000000604
Event: 12.699 Thread 0x0000021db3756000 Uncommon trap: reason=speculate_class_check action=maybe_recompile pc=0x0000021da7673a44 method=java.lang.reflect.Executable.declaredAnnotations()Ljava/util/Map; @ 23 c2
Event: 12.699 Thread 0x0000021db3756000 DEOPT PACKING pc=0x0000021da7673a44 sp=0x0000005204cfe500
Event: 12.699 Thread 0x0000021db3756000 DEOPT UNPACKING pc=0x0000021d9fa770af sp=0x0000005204cfe438 mode 2
Event: 12.703 Thread 0x0000021db3756000 Uncommon trap: trap_request=0xffffff6e fr.pc=0x0000021da7673a44 relative=0x0000000000000604
Event: 12.703 Thread 0x0000021db3756000 Uncommon trap: reason=speculate_class_check action=maybe_recompile pc=0x0000021da7673a44 method=java.lang.reflect.Executable.declaredAnnotations()Ljava/util/Map; @ 23 c2
Event: 12.703 Thread 0x0000021db3756000 DEOPT PACKING pc=0x0000021da7673a44 sp=0x0000005204cfe500
Event: 12.703 Thread 0x0000021db3756000 DEOPT UNPACKING pc=0x0000021d9fa770af sp=0x0000005204cfe438 mode 2

Classes redefined (0 events):
No events

Internal exceptions (20 events):
Event: 3.669 Thread 0x0000021db3662000 Exception <a 'java/lang/NoSuchMethodError'{0x00000000eae36588}: 'java.lang.Object java.lang.invoke.DelegatingMethodHandle$Holder.reinvoke_L(java.lang.Object, int, int, java.lang.Object, java.lang.Object, java.lang.Object)'> (0x00000000eae36588) thrown at [./src/hotspot/share/interpreter/linkResolver.cpp, line 773]
Event: 3.670 Thread 0x0000021db3662000 Exception <a 'java/lang/NoSuchMethodError'{0x00000000eae3a908}: 'java.lang.Object java.lang.invoke.DirectMethodHandle$Holder.invokeStatic(java.lang.Object, java.lang.Object, java.lang.Object, java.lang.Object, int)'> (0x00000000eae3a908) thrown at [./src/hotspot/share/interpreter/linkResolver.cpp, line 773]
Event: 3.997 Thread 0x0000021db3662000 Exception <a 'java/io/FileNotFoundException'{0x00000000eb13ca78}> (0x00000000eb13ca78) thrown at [./src/hotspot/share/prims/jni.cpp, line 615]
Event: 4.799 Thread 0x0000021db3662000 Exception <a 'java/io/FileNotFoundException'{0x00000000eb6a29f0}> (0x00000000eb6a29f0) thrown at [./src/hotspot/share/prims/jni.cpp, line 615]
Event: 5.292 Thread 0x0000021db3662000 Exception <a 'java/lang/NoSuchMethodError'{0x00000000eba23b60}: 'int java.lang.invoke.DirectMethodHandle$Holder.invokeStaticInit(java.lang.Object, java.lang.Object, java.lang.Object)'> (0x00000000eba23b60) thrown at [./src/hotspot/share/interpreter/linkResolver.cpp, line 773]
Event: 5.482 Thread 0x0000021db3662000 Exception <a 'sun/nio/fs/WindowsException'{0x00000000eab77610}> (0x00000000eab77610) thrown at [./src/hotspot/share/prims/jni.cpp, line 615]
Event: 5.990 Thread 0x0000021db3662000 Exception <a 'java/lang/ClassNotFoundException'{0x00000000ebbddcb8}: com/sun/org/apache/xerces/internal/impl/msg/spi/DOMMessagesProvider> (0x00000000ebbddcb8) thrown at [./src/hotspot/share/classfile/systemDictionary.cpp, line 231]
Event: 6.017 Thread 0x0000021db3662000 Exception <a 'java/lang/ClassNotFoundException'{0x00000000ebbf2618}: com/sun/org/apache/xerces/internal/impl/msg/spi/XMLSerializerMessagesProvider> (0x00000000ebbf2618) thrown at [./src/hotspot/share/classfile/systemDictionary.cpp, line 231]
Event: 6.022 Thread 0x0000021db3662000 Exception <a 'java/lang/ClassNotFoundException'{0x00000000ebbfe178}: com/sun/org/apache/xerces/internal/impl/msg/spi/XMLMessagesProvider> (0x00000000ebbfe178) thrown at [./src/hotspot/share/classfile/systemDictionary.cpp, line 231]
Event: 6.244 Thread 0x0000021db3662000 Exception <a 'sun/nio/fs/WindowsException'{0x00000000ebd47218}> (0x00000000ebd47218) thrown at [./src/hotspot/share/prims/jni.cpp, line 615]
Event: 6.389 Thread 0x0000021db3662000 Exception <a 'java/lang/ClassNotFoundException'{0x00000000ebe872e8}: com/sun/org/apache/xml/internal/serializer/spi/XMLEntitiesProvider> (0x00000000ebe872e8) thrown at [./src/hotspot/share/classfile/systemDictionary.cpp, line 231]
Event: 6.898 Thread 0x0000021db3662000 Exception <a 'java/io/FileNotFoundException'{0x00000000ec1488f8}> (0x00000000ec1488f8) thrown at [./src/hotspot/share/prims/jni.cpp, line 615]
Event: 7.689 Thread 0x0000021db3662000 Exception <a 'java/lang/NoSuchMethodError'{0x00000000eada0aa8}: 'void java.lang.invoke.DirectMethodHandle$Holder.invokeSpecial(java.lang.Object, java.lang.Object, java.lang.Object, int)'> (0x00000000eada0aa8) thrown at [./src/hotspot/share/interpreter/linkResolver.cpp, line 773]
Event: 8.056 Thread 0x0000021db3662000 Exception <a 'java/lang/NoSuchMethodError'{0x00000000eaf82910}: 'org.slf4j.impl.StaticMDCBinder org.slf4j.impl.StaticMDCBinder.getSingleton()'> (0x00000000eaf82910) thrown at [./src/hotspot/share/interpreter/linkResolver.cpp, line 773]
Event: 8.473 Thread 0x0000021db3662000 Implicit null exception at 0x0000021da75d5c82 to 0x0000021da75d6a9c
Event: 8.474 Thread 0x0000021db3662000 Implicit null exception at 0x0000021da75d9718 to 0x0000021da75d9d58
Event: 9.353 Thread 0x0000021d95b3b800 Exception <a 'java/lang/NoSuchMethodError'{0x00000000eb7d9960}: 'void java.lang.invoke.DirectMethodHandle$Holder.invokeStatic(java.lang.Object, java.lang.Object, java.lang.Object, java.lang.Object)'> (0x00000000eb7d9960) thrown at [./src/hotspot/share/interpreter/linkResolver.cpp, line 773]
Event: 10.896 Thread 0x0000021db3dcb800 Exception <a 'java/io/FileNotFoundException'{0x00000000eb559630}> (0x00000000eb559630) thrown at [./src/hotspot/share/prims/jni.cpp, line 615]
Event: 10.897 Thread 0x0000021db3dcb800 Exception <a 'java/io/FileNotFoundException'{0x00000000eb57d228}> (0x00000000eb57d228) thrown at [./src/hotspot/share/prims/jni.cpp, line 615]
Event: 10.914 Thread 0x0000021db3dcb800 Exception <a 'java/lang/NoSuchMethodError'{0x00000000eb585f00}: 'void java.lang.invoke.DirectMethodHandle$Holder.invokeStaticInit(java.lang.Object, java.lang.Object, java.lang.Object)'> (0x00000000eb585f00) thrown at [./src/hotspot/share/interpreter/linkResolver.cpp, line 773]

Events (20 events):
Event: 12.786 loading class org/apache/maven/artifact/handler/DefaultArtifactHandler$__sisu16
Event: 12.786 loading class org/apache/maven/artifact/handler/DefaultArtifactHandler$__sisu16 done
Event: 12.807 loading class org/apache/maven/artifact/handler/DefaultArtifactHandler$__sisu12
Event: 12.807 loading class org/apache/maven/artifact/handler/DefaultArtifactHandler$__sisu12 done
Event: 12.817 loading class sun/reflect/generics/scope/ConstructorScope
Event: 12.818 loading class sun/reflect/generics/scope/ConstructorScope done
Event: 12.818 loading class sun/reflect/generics/tree/VoidDescriptor
Event: 12.818 loading class sun/reflect/generics/tree/VoidDescriptor done
Event: 12.865 loading class sun/reflect/generics/repository/FieldRepository
Event: 12.865 loading class sun/reflect/generics/repository/FieldRepository done
Event: 12.912 loading class javax/net/ssl/SSLSocketFactory
Event: 12.913 loading class javax/net/SocketFactory
Event: 12.914 loading class javax/net/SocketFactory done
Event: 12.914 loading class javax/net/ssl/SSLSocketFactory done
Event: 12.916 loading class java/security/NoSuchAlgorithmException
Event: 12.917 loading class java/security/NoSuchAlgorithmException done
Event: 13.024 Executing VM operation: RevokeBias
Event: 13.069 Executing VM operation: RevokeBias done
Event: 13.071 Executing VM operation: RevokeBias
Event: 13.072 Executing VM operation: RevokeBias done


Dynamic libraries:
0x00007ff7c8650000 - 0x00007ff7c865d000 	C:\Users\18521\AppData\Local\Programs\AdoptOpenJDK\jdk-11.0.10.9-hotspot\bin\java.exe
0x00007ffd64630000 - 0x00007ffd64825000 	C:\WINDOWS\SYSTEM32\ntdll.dll
0x00007ffd63620000 - 0x00007ffd636dd000 	C:\WINDOWS\System32\KERNEL32.DLL
0x00007ffd62100000 - 0x00007ffd623c8000 	C:\WINDOWS\System32\KERNELBASE.dll
0x00007ffd62400000 - 0x00007ffd62500000 	C:\WINDOWS\System32\ucrtbase.dll
0x00007ffd581f0000 - 0x00007ffd58207000 	C:\Users\18521\AppData\Local\Programs\AdoptOpenJDK\jdk-11.0.10.9-hotspot\bin\jli.dll
0x00007ffd630b0000 - 0x00007ffd63250000 	C:\WINDOWS\System32\USER32.dll
0x00007ffd623d0000 - 0x00007ffd623f2000 	C:\WINDOWS\System32\win32u.dll
0x00007ffd63010000 - 0x00007ffd6303a000 	C:\WINDOWS\System32\GDI32.dll
0x00007ffd61e10000 - 0x00007ffd61f1b000 	C:\WINDOWS\System32\gdi32full.dll
0x00007ffd57700000 - 0x00007ffd57715000 	C:\Users\18521\AppData\Local\Programs\AdoptOpenJDK\jdk-11.0.10.9-hotspot\bin\VCRUNTIME140.dll
0x00007ffd61d70000 - 0x00007ffd61e0d000 	C:\WINDOWS\System32\msvcp_win.dll
0x00007ffd50e60000 - 0x00007ffd510fa000 	C:\WINDOWS\WinSxS\amd64_microsoft.windows.common-controls_6595b64144ccf1df_6.0.19041.844_none_ca00b6081b84eb1d\COMCTL32.dll
0x00007ffd64550000 - 0x00007ffd645ee000 	C:\WINDOWS\System32\msvcrt.dll
0x00007ffd63790000 - 0x00007ffd637c0000 	C:\WINDOWS\System32\IMM32.DLL
0x00007ffd4ff30000 - 0x00007ffd4ffcb000 	C:\Users\18521\AppData\Local\Programs\AdoptOpenJDK\jdk-11.0.10.9-hotspot\bin\msvcp140.dll
0x00007ffd32660000 - 0x00007ffd331a3000 	C:\Users\18521\AppData\Local\Programs\AdoptOpenJDK\jdk-11.0.10.9-hotspot\bin\server\jvm.dll
0x00007ffd63ba0000 - 0x00007ffd63c4c000 	C:\WINDOWS\System32\ADVAPI32.dll
0x00007ffd62f70000 - 0x00007ffd6300b000 	C:\WINDOWS\System32\sechost.dll
0x00007ffd626f0000 - 0x00007ffd6281b000 	C:\WINDOWS\System32\RPCRT4.dll
0x00007ffd63040000 - 0x00007ffd63048000 	C:\WINDOWS\System32\PSAPI.DLL
0x00007ffd4f370000 - 0x00007ffd4f379000 	C:\WINDOWS\SYSTEM32\WSOCK32.dll
0x00007ffd4f5a0000 - 0x00007ffd4f5c7000 	C:\WINDOWS\SYSTEM32\WINMM.dll
0x00007ffd63fb0000 - 0x00007ffd6401b000 	C:\WINDOWS\System32\WS2_32.dll
0x00007ffd55a70000 - 0x00007ffd55a7a000 	C:\WINDOWS\SYSTEM32\VERSION.dll
0x00007ffd60690000 - 0x00007ffd606a2000 	C:\WINDOWS\SYSTEM32\kernel.appcore.dll
0x00007ffd5d370000 - 0x00007ffd5d380000 	C:\Users\18521\AppData\Local\Programs\AdoptOpenJDK\jdk-11.0.10.9-hotspot\bin\verify.dll
0x00007ffd5fba0000 - 0x00007ffd5fd84000 	C:\WINDOWS\SYSTEM32\DBGHELP.DLL
0x00007ffd49fe0000 - 0x00007ffd4a00c000 	C:\WINDOWS\SYSTEM32\dbgcore.DLL
0x00007ffd62500000 - 0x00007ffd62580000 	C:\WINDOWS\System32\bcryptPrimitives.dll
0x00007ffd4ff00000 - 0x00007ffd4ff28000 	C:\Users\18521\AppData\Local\Programs\AdoptOpenJDK\jdk-11.0.10.9-hotspot\bin\java.dll
0x00007ffd5d330000 - 0x00007ffd5d33a000 	C:\Users\18521\AppData\Local\Programs\AdoptOpenJDK\jdk-11.0.10.9-hotspot\bin\jimage.dll
0x00007ffd576e0000 - 0x00007ffd576f7000 	C:\Users\18521\AppData\Local\Programs\AdoptOpenJDK\jdk-11.0.10.9-hotspot\bin\zip.dll
0x00007ffd62820000 - 0x00007ffd62f62000 	C:\WINDOWS\System32\SHELL32.dll
0x00007ffd5fdb0000 - 0x00007ffd60541000 	C:\WINDOWS\SYSTEM32\windows.storage.dll
0x00007ffd63c50000 - 0x00007ffd63fa5000 	C:\WINDOWS\System32\combase.dll
0x00007ffd61710000 - 0x00007ffd6173c000 	C:\WINDOWS\SYSTEM32\Wldp.dll
0x00007ffd638f0000 - 0x00007ffd6399e000 	C:\WINDOWS\System32\SHCORE.dll
0x00007ffd62690000 - 0x00007ffd626e5000 	C:\WINDOWS\System32\shlwapi.dll
0x00007ffd61cb0000 - 0x00007ffd61ccf000 	C:\WINDOWS\SYSTEM32\profapi.dll
0x00007ffd56ad0000 - 0x00007ffd56ae9000 	C:\Users\18521\AppData\Local\Programs\AdoptOpenJDK\jdk-11.0.10.9-hotspot\bin\net.dll
0x00007ffd53d80000 - 0x00007ffd53e8b000 	C:\WINDOWS\SYSTEM32\WINHTTP.dll
0x00007ffd61480000 - 0x00007ffd614ea000 	C:\WINDOWS\system32\mswsock.dll
0x00007ffd4d3c0000 - 0x00007ffd4d3d2000 	C:\Users\18521\AppData\Local\Programs\AdoptOpenJDK\jdk-11.0.10.9-hotspot\bin\nio.dll
0x00007ffd61650000 - 0x00007ffd61668000 	C:\WINDOWS\SYSTEM32\CRYPTSP.dll
0x00007ffd60e20000 - 0x00007ffd60e54000 	C:\WINDOWS\system32\rsaenh.dll
0x00007ffd620d0000 - 0x00007ffd620f7000 	C:\WINDOWS\System32\bcrypt.dll
0x00007ffd61c70000 - 0x00007ffd61c9e000 	C:\WINDOWS\SYSTEM32\USERENV.dll
0x00007ffd61670000 - 0x00007ffd6167c000 	C:\WINDOWS\SYSTEM32\CRYPTBASE.dll
0x00007ffd61170000 - 0x00007ffd611ab000 	C:\WINDOWS\SYSTEM32\IPHLPAPI.DLL
0x00007ffd63560000 - 0x00007ffd63568000 	C:\WINDOWS\System32\NSI.dll
0x00007ffd59fb0000 - 0x00007ffd59fc7000 	C:\WINDOWS\SYSTEM32\dhcpcsvc6.DLL
0x00007ffd59f90000 - 0x00007ffd59fad000 	C:\WINDOWS\SYSTEM32\dhcpcsvc.DLL
0x00007ffd611b0000 - 0x00007ffd6127c000 	C:\WINDOWS\SYSTEM32\DNSAPI.dll
0x00007ffd49d90000 - 0x00007ffd49db9000 	C:\Users\18521\AppData\Roaming\Code\User\globalStorage\redhat.java\0.77.0\config_win\org.eclipse.equinox.launcher\org.eclipse.equinox.launcher.win32.win32.x86_64_1.2.100.v20210209-1541\eclipse_11301.dll

dbghelp: loaded successfully - version: 4.0.5 - missing functions: none
symbol engine: initialized successfully - sym options: 0x614 - pdb path: .;C:\Users\18521\AppData\Local\Programs\AdoptOpenJDK\jdk-11.0.10.9-hotspot\bin;C:\WINDOWS\SYSTEM32;C:\WINDOWS\WinSxS\amd64_microsoft.windows.common-controls_6595b64144ccf1df_6.0.19041.844_none_ca00b6081b84eb1d;C:\Users\18521\AppData\Local\Programs\AdoptOpenJDK\jdk-11.0.10.9-hotspot\bin\server;C:\Users\18521\AppData\Roaming\Code\User\globalStorage\redhat.java\0.77.0\config_win\org.eclipse.equinox.launcher\org.eclipse.equinox.launcher.win32.win32.x86_64_1.2.100.v20210209-1541

VM Arguments:
jvm_args: --add-modules=ALL-SYSTEM --add-opens=java.base/java.util=ALL-UNNAMED --add-opens=java.base/java.lang=ALL-UNNAMED -Declipse.application=org.eclipse.jdt.ls.core.id1 -Dosgi.bundles.defaultStartLevel=4 -Declipse.product=org.eclipse.jdt.ls.core.product -Dfile.encoding=utf8 -DwatchParentProcess=false -XX:+UseParallelGC -XX:GCTimeRatio=4 -XX:AdaptiveSizePolicyWeight=90 -Dsun.zip.disableMemoryMapping=true -Xmx1G -Xms100m -Xverify:none 
java_command: c:\Users\18521\.vscode\extensions\redhat.java-0.77.0\server\plugins\org.eclipse.equinox.launcher_1.6.100.v20201223-0822.jar -configuration c:\Users\18521\AppData\Roaming\Code\User\globalStorage\redhat.java\0.77.0\config_win -data c:\Users\18521\AppData\Roaming\Code\User\workspaceStorage\e64a9c68de7ba624a3e9efdfc12fc7bb\redhat.java\jdt_ws
java_class_path (initial): c:\Users\18521\.vscode\extensions\redhat.java-0.77.0\server\plugins\org.eclipse.equinox.launcher_1.6.100.v20201223-0822.jar
Launcher Type: SUN_STANDARD

[Global flags]
    uintx AdaptiveSizePolicyWeight                 = 90                                        {product} {command line}
     bool BytecodeVerificationLocal                = false                                     {product} {command line}
     bool BytecodeVerificationRemote               = false                                     {product} {command line}
     intx CICompilerCount                          = 3                                         {product} {ergonomic}
    uintx GCTimeRatio                              = 4                                         {product} {command line}
   size_t InitialHeapSize                          = 104857600                                 {product} {command line}
   size_t MaxHeapSize                              = 1073741824                                {product} {command line}
   size_t MaxNewSize                               = 357564416                                 {product} {ergonomic}
   size_t MinHeapDeltaBytes                        = 524288                                    {product} {ergonomic}
   size_t NewSize                                  = 34603008                                  {product} {ergonomic}
    uintx NonNMethodCodeHeapSize                   = 5830732                                {pd product} {ergonomic}
    uintx NonProfiledCodeHeapSize                  = 122913754                              {pd product} {ergonomic}
   size_t OldSize                                  = 70254592                                  {product} {ergonomic}
    uintx ProfiledCodeHeapSize                     = 122913754                              {pd product} {ergonomic}
    uintx ReservedCodeCacheSize                    = 251658240                              {pd product} {ergonomic}
     bool SegmentedCodeCache                       = true                                      {product} {ergonomic}
     bool UseCompressedClassPointers               = true                                 {lp64_product} {ergonomic}
     bool UseCompressedOops                        = true                                 {lp64_product} {ergonomic}
     bool UseLargePagesIndividualAllocation        = false                                  {pd product} {ergonomic}
     bool UseParallelGC                            = true                                      {product} {command line}

Logging:
Log output configuration:
 #0: stdout all=warning uptime,level,tags
 #1: stderr all=off uptime,level,tags

Environment Variables:
JAVA_HOME=C:\Users\18521\AppData\Local\Programs\AdoptOpenJDK\jdk-11.0.10.9-hotspot\
PATH=C:\Program Files (x86)\VMware\VMware Workstation\bin\;C:\Program Files (x86)\Common Files\Oracle\Java\javapath;C:\Program Files\Microsoft MPI\Bin\;C:\WINDOWS\system32;C:\WINDOWS;C:\WINDOWS\System32\Wbem;C:\WINDOWS\System32\WindowsPowerShell\v1.0\;C:\WINDOWS\System32\OpenSSH\;C:\Program Files (x86)\Microsoft SQL Server\100\Tools\Binn\;C:\Program Files (x86)\Microsoft SQL Server\100\DTS\Binn\;C:\Program Files\dotnet\;C:\Program Files\PuTTY\;C:\Program Files\nodejs\;C:\Users\18521\AppData\Local\Programs\AdoptOpenJDK\jdk-11.0.10.9-hotspot\bin;C:\Users\18521\AppData\Local\Microsoft\WindowsApps;C:\Users\18521\AppData\Local\Programs\Git\cmd;C:\Users\18521\AppData\Local\Programs\Microsoft VS Code\bin
USERNAME=18521
OS=Windows_NT
PROCESSOR_IDENTIFIER=Intel64 Family 6 Model 69 Stepping 1, GenuineIntel



---------------  S Y S T E M  ---------------

OS: Windows 10 , 64 bit Build 19041 (10.0.19041.928)
OS uptime: 9 days 2:35 hours

CPU:total 4 (initial active 4) (2 cores per cpu, 2 threads per core) family 6 model 69 stepping 1 microcode 0x26, cmov, cx8, fxsr, mmx, sse, sse2, sse3, ssse3, sse4.1, sse4.2, popcnt, avx, avx2, aes, clmul, erms, lzcnt, ht, tsc, tscinvbit, bmi1, bmi2, fma

Memory: 4k page, system-wide physical 4020M (224M free)
TotalPageFile size 8076M (AvailPageFile size 5M)
current process WorkingSet (physical memory assigned to process): 162M, peak: 162M
current process commit charge ("private bytes"): 257M, peak: 258M

vm_info: OpenJDK 64-Bit Server VM (11.0.10+9) for windows-amd64 JRE (11.0.10+9), built on Jan 20 2021 06:07:07 by "" with MS VC++ 15.9 (VS2017)

END.
